<?xml version="1.0" encoding="UTF-8"?>
<!-- Generated by org.testng.reporters.JUnitReportReporter -->
<testsuite hostname="DESKTOP-0PBS36T" name="a1.RestAssured.TC_001_Get" tests="1" failures="0" timestamp="21 Dec 2020 09:25:19 GMT" time="4.662" errors="0">
  <testcase name="f4" time="4.662" classname="a1.RestAssured.TC_001_Get"/>
</testsuite> <!-- a1.RestAssured.TC_001_Get -->
